<?xml version="1.0" encoding="UTF-8"?>
<!-- Generated by org.testng.reporters.JUnitReportReporter -->
<testsuite hostname="SREENU-PC" failures="0" tests="2" name="gmailproject.gmailproject.Ttitle" time="104.097" errors="0" timestamp="2019-12-12T08:37:01 IST" skipped="0">
  <testcase classname="gmailproject.gmailproject.Ttitle" name="test2" time="52.047"/>
  <testcase classname="gmailproject.gmailproject.Ttitle" name="test1" time="52.050"/>
</testsuite> <!-- gmailproject.gmailproject.Ttitle -->
