<?xml version="1.0" encoding="UTF-8"?>
<!-- Generated by org.testng.reporters.JUnitReportReporter -->
<testsuite hostname="SREENU-PC" failures="0" tests="1" name="gmailproject.gmailproject.Totallinks" time="8.569" errors="0" timestamp="2019-12-17T11:54:00 IST" skipped="0">
  <testcase classname="gmailproject.gmailproject.Totallinks" name="gmail" time="8.569"/>
</testsuite> <!-- gmailproject.gmailproject.Totallinks -->
