<?xml version="1.0" encoding="UTF-8"?>
<!-- Generated by org.testng.reporters.JUnitReportReporter -->
<testsuite hostname="SREENU-PC" failures="0" tests="2" name="gmailproject.gmailproject.Ttitle" time="80.721" errors="0" timestamp="2019-12-11T23:18:33 IST" skipped="0">
  <testcase classname="gmailproject.gmailproject.Ttitle" name="test2" time="40.225"/>
  <testcase classname="gmailproject.gmailproject.Ttitle" name="test1" time="40.496"/>
</testsuite> <!-- gmailproject.gmailproject.Ttitle -->
