<?xml version="1.0" encoding="UTF-8"?>
<!-- Generated by org.testng.reporters.JUnitReportReporter -->
<testsuite hostname="SREENU-PC" failures="0" tests="1" name="gmailproject.gmailproject.Tests" time="0.012" errors="0" timestamp="2019-12-11T21:02:42 IST" skipped="0">
  <testcase classname="gmailproject.gmailproject.Tests" name="method1" time="0.012"/>
</testsuite> <!-- gmailproject.gmailproject.Tests -->
