<?xml version="1.0" encoding="UTF-8"?>
<!-- Generated by org.testng.reporters.JUnitReportReporter -->
<testsuite hostname="SREENU-PC" failures="0" tests="1" name="framework.Commonmethods" time="8.574" errors="0" timestamp="2019-12-17T17:42:10 IST" skipped="0">
  <testcase classname="framework.Commonmethods" name="testmethod1" time="8.574"/>
</testsuite> <!-- framework.Commonmethods -->
